<?xml version="1.0" encoding="UTF-8"?>
<coverage generated="1531112025403" clover="3.2.0">
  <project timestamp="1531112025403" name="All files">
    <metrics statements="9" coveredstatements="9" conditionals="0" coveredconditionals="0" methods="1" coveredmethods="1" elements="10" coveredelements="10" complexity="0" loc="9" ncloc="9" packages="1" files="2" classes="2">
      <file name="index.js" path="/Users/zhengchen/www/my_project/blog/demo/jest-demo/src/package-one/index.js">
        <metrics statements="6" coveredstatements="6" conditionals="0" coveredconditionals="0" methods="1" coveredmethods="1"/>
        <line num="1" count="1" type="stmt"/>
        <line num="3" count="1" type="stmt"/>
        <line num="4" count="1" type="stmt"/>
        <line num="10" count="1" type="stmt"/>
        <line num="11" count="1" type="stmt"/>
        <line num="19" count="1" type="stmt"/>
      </file>
      <file name="wxApp.js" path="/Users/zhengchen/www/my_project/blog/demo/jest-demo/src/package-one/wxApp.js">
        <metrics statements="3" coveredstatements="3" conditionals="0" coveredconditionals="0" methods="0" coveredmethods="0"/>
        <line num="1" count="1" type="stmt"/>
        <line num="24" count="1" type="stmt"/>
        <line num="26" count="1" type="stmt"/>
      </file>
    </metrics>
  </project>
</coverage>
