{"/Users/zhengchen/www/my_project/blog/demo/jest-demo/src/package-one/index.js": {"path":"/Users/zhengchen/www/my_project/blog/demo/jest-demo/src/package-one/index.js","statementMap":{"0":{"start":{"line":1,"column":14},"end":{"line":1,"column":32}},"1":{"start":{"line":3,"column":15},"end":{"line":17,"column":1}},"2":{"start":{"line":4,"column":19},"end":{"line":4,"column":57}},"3":{"start":{"line":10,"column":6},"end":{"line":10,"column":18}},"4":{"start":{"line":11,"column":2},"end":{"line":16,"column":3}},"5":{"start":{"line":19,"column":0},"end":{"line":19,"column":33}}},"fnMap":{"0":{"name":"(anonymous_0)","decl":{"start":{"line":3,"column":15},"end":{"line":3,"column":16}},"loc":{"start":{"line":3,"column":41},"end":{"line":17,"column":1}},"line":3}},"branchMap":{},"s":{"0":1,"1":1,"2":1,"3":1,"4":1,"5":1},"f":{"0":1},"b":{},"_coverageSchema":"332fd63041d2c1bcb487cc26dd0d5f7d97098a6c","hash":"d1a7e5f1cd4ab7cd653c86293a920e55aa70e2ac"}
,"/Users/zhengchen/www/my_project/blog/demo/jest-demo/src/package-one/wxApp.js": {"path":"/Users/zhengchen/www/my_project/blog/demo/jest-demo/src/package-one/wxApp.js","statementMap":{"0":{"start":{"line":1,"column":13},"end":{"line":22,"column":1}},"1":{"start":{"line":24,"column":0},"end":{"line":28,"column":1}},"2":{"start":{"line":26,"column":4},"end":{"line":26,"column":42}}},"fnMap":{},"branchMap":{},"s":{"0":1,"1":1,"2":1},"f":{},"b":{},"_coverageSchema":"332fd63041d2c1bcb487cc26dd0d5f7d97098a6c","hash":"82a4c169e0d9a18f9cac39d5f6400ff08f56c824"}
}
